<?xml version="1.0" encoding="UTF-8"?>
<!-- Generated by org.testng.reporters.JUnitReportReporter -->
<testsuite skipped="0" hostname="4725887c3872" name="com.searchmodule.tests.SearchTest" tests="4" failures="0" timestamp="30 Dec 2020 18:31:51 GMT" time="13.526" errors="0">
  <testcase name="search" time="3.436" classname="com.searchmodule.tests.SearchTest"/>
  <testcase name="search" time="3.878" classname="com.searchmodule.tests.SearchTest"/>
  <testcase name="search" time="3.659" classname="com.searchmodule.tests.SearchTest"/>
  <testcase name="search" time="2.553" classname="com.searchmodule.tests.SearchTest"/>
</testsuite> <!-- com.searchmodule.tests.SearchTest -->
