<?xml version="1.0" encoding="UTF-8"?>
<!-- Generated by org.testng.reporters.JUnitReportReporter -->
<testsuite skipped="0" hostname="93af0b2d7a87" name="com.searchmodule.tests.SearchTest" tests="4" failures="0" timestamp="29 Dec 2020 20:15:29 GMT" time="10.852" errors="0">
  <testcase name="search" time="2.799" classname="com.searchmodule.tests.SearchTest"/>
  <testcase name="search" time="2.726" classname="com.searchmodule.tests.SearchTest"/>
  <testcase name="search" time="2.562" classname="com.searchmodule.tests.SearchTest"/>
  <testcase name="search" time="2.765" classname="com.searchmodule.tests.SearchTest"/>
</testsuite> <!-- com.searchmodule.tests.SearchTest -->
